170128 18:27:46 mysqld_safe Starting mysqld daemon with databases from /var/lib/mysql
170128 18:27:46 [Warning] Using unique option prefix key_buffer instead of key_buffer_size is deprecated and will be removed in a future release. Please use the full name instead.
170128 18:27:46 [Note] /usr/sbin/mysqld (mysqld 5.5.49-0+deb8u1) starting as process 664 ...
170128 18:27:46 [Warning] Using unique option prefix myisam-recover instead of myisam-recover-options is deprecated and will be removed in a future release. Please use the full name instead.
170128 18:27:46 [Note] Plugin 'FEDERATED' is disabled.
170128 18:27:46 InnoDB: The InnoDB memory heap is disabled
170128 18:27:46 InnoDB: Mutexes and rw_locks use GCC atomic builtins
170128 18:27:46 InnoDB: Compressed tables use zlib 1.2.8
170128 18:27:46 InnoDB: Using Linux native AIO
170128 18:27:46 InnoDB: Initializing buffer pool, size = 8.0M
170128 18:27:46 InnoDB: Completed initialization of buffer pool
170128 18:27:46 InnoDB: highest supported file format is Barracuda.
170128 18:27:46  InnoDB: Waiting for the background threads to start
170128 18:27:47 InnoDB: 5.5.49 started; log sequence number 1595675
170128 18:27:47 [Note] Server hostname (bind-address): '0.0.0.0'; port: 3306
170128 18:27:47 [Note]   - '0.0.0.0' resolves to '0.0.0.0';
170128 18:27:47 [Note] Server socket created on IP: '0.0.0.0'.
170128 18:27:47 [ERROR] /usr/sbin/mysqld: Table './mysql/user' is marked as crashed and should be repaired
170128 18:27:47 [Warning] Checking table:   './mysql/user'
170128 18:27:47 [ERROR] 1 client is using or hasn't closed the table properly
170128 18:27:47 [Note] Event Scheduler: Loaded 0 events
170128 18:27:47 [Note] /usr/sbin/mysqld: ready for connections.
Version: '5.5.49-0+deb8u1'  socket: '/var/run/mysqld/mysqld.sock'  port: 3306  (Debian)
